# JRE version: Java(TM) SE Runtime Environment 18.9 (11.0.15+8) (build 11.0.15+8-LTS-149)
# Java VM: Java HotSpot(TM) 64-Bit Server VM 18.9 (11.0.15+8-LTS-149, mixed mode, tiered, compressed oops, g1 gc, windows-amd64)
Heap:
 garbage-first heap   total 157696K, used 28262K [0x0000000080000000, 0x0000000100000000)
  region size 1024K, 25 young (25600K), 4 survivors (4096K)
 Metaspace       used 28460K, capacity 29133K, committed 29360K, reserved 1075200K
  class space    used 3226K, capacity 3535K, committed 3584K, reserved 1048576K
GC Heap History (10 events):
Event: 0.919 GC heap before
{Heap before GC invocations=1 (full 0):
 garbage-first heap   total 131072K, used 8192K [0x0000000080000000, 0x0000000100000000)
  region size 1024K, 6 young (6144K), 1 survivors (1024K)
 Metaspace       used 10416K, capacity 10600K, committed 10752K, reserved 1058816K
  class space    used 971K, capacity 1021K, committed 1024K, reserved 1048576K
}
Event: 0.924 GC heap after
{Heap after GC invocations=2 (full 0):
 garbage-first heap   total 131072K, used 4038K [0x0000000080000000, 0x0000000100000000)
  region size 1024K, 1 young (1024K), 1 survivors (1024K)
 Metaspace       used 10416K, capacity 10600K, committed 10752K, reserved 1058816K
  class space    used 971K, capacity 1021K, committed 1024K, reserved 1048576K
}
Event: 1.443 GC heap before
{Heap before GC invocations=2 (full 0):
 garbage-first heap   total 131072K, used 15302K [0x0000000080000000, 0x0000000100000000)
  region size 1024K, 12 young (12288K), 1 survivors (1024K)
 Metaspace       used 14501K, capacity 14802K, committed 14976K, reserved 1062912K
  class space    used 1465K, capacity 1562K, committed 1664K, reserved 1048576K
}
Event: 1.449 GC heap after
{Heap after GC invocations=3 (full 0):
 garbage-first heap   total 131072K, used 4887K [0x0000000080000000, 0x0000000100000000)
  region size 1024K, 2 young (2048K), 2 survivors (2048K)
 Metaspace       used 14501K, capacity 14802K, committed 14976K, reserved 1062912K
  class space    used 1465K, capacity 1562K, committed 1664K, reserved 1048576K
}
Event: 2.163 GC heap before
{Heap before GC invocations=3 (full 0):
 garbage-first heap   total 131072K, used 20247K [0x0000000080000000, 0x0000000100000000)
  region size 1024K, 18 young (18432K), 2 survivors (2048K)
 Metaspace       used 18397K, capacity 18775K, committed 19072K, reserved 1067008K
  class space    used 1919K, capacity 2090K, committed 2176K, reserved 1048576K
}
Event: 2.171 GC heap after
{Heap after GC invocations=4 (full 0):
 garbage-first heap   total 131072K, used 5834K [0x0000000080000000, 0x0000000100000000)
  region size 1024K, 2 young (2048K), 2 survivors (2048K)
 Metaspace       used 18397K, capacity 18775K, committed 19072K, reserved 1067008K
  class space    used 1919K, capacity 2090K, committed 2176K, reserved 1048576K
}
Event: 2.404 GC heap before
{Heap before GC invocations=4 (full 0):
 garbage-first heap   total 131072K, used 15050K [0x0000000080000000, 0x0000000100000000)
  region size 1024K, 13 young (13312K), 2 survivors (2048K)
 Metaspace       used 20661K, capacity 21110K, committed 21296K, reserved 1069056K
  class space    used 2217K, capacity 2407K, committed 2432K, reserved 1048576K
}
Event: 2.411 GC heap after
{Heap after GC invocations=5 (full 0):
 garbage-first heap   total 157696K, used 6007K [0x0000000080000000, 0x0000000100000000)
  region size 1024K, 2 young (2048K), 2 survivors (2048K)
 Metaspace       used 20661K, capacity 21110K, committed 21296K, reserved 1069056K
  class space    used 2217K, capacity 2407K, committed 2432K, reserved 1048576K
}
Event: 4.261 GC heap before
{Heap before GC invocations=6 (full 0):
 garbage-first heap   total 157696K, used 30583K [0x0000000080000000, 0x0000000100000000)
  region size 1024K, 27 young (27648K), 2 survivors (2048K)
 Metaspace       used 26523K, capacity 27135K, committed 27312K, reserved 1073152K
  class space    used 3015K, capacity 3286K, committed 3328K, reserved 1048576K
}
Event: 4.272 GC heap after
{Heap after GC invocations=7 (full 0):
 garbage-first heap   total 157696K, used 7782K [0x0000000080000000, 0x0000000100000000)
  region size 1024K, 4 young (4096K), 4 survivors (4096K)
 Metaspace       used 26523K, capacity 27135K, committed 27312K, reserved 1073152K
  class space    used 3015K, capacity 3286K, committed 3328K, reserved 1048576K
}

